<?xml version="1.0" encoding="UTF-8"?>
<!-- Generated by org.testng.reporters.JUnitReportReporter -->
<testsuite hostname="DESKTOP-39SQTFK" failures="1" tests="1" name="practiceGuru99.Test.VerifyCompareProducts" time="25.539" errors="0" timestamp="2025-07-01T18:45:12 AEST" skipped="0">
  <testcase classname="practiceGuru99.Test.VerifyCompareProducts" name="sortByName" time="25.539">
    <failure message="
Expecting actual:
  [&quot;Sony Xperia&quot;, &quot;IPhone&quot;]
to contain exactly in any order:
  [&quot;sony xperia&quot;, &quot;iphone&quot;]
elements not found:
  [&quot;sony xperia&quot;, &quot;iphone&quot;]
and elements not expected:
  [&quot;Sony Xperia&quot;, &quot;IPhone&quot;]
" type="java.lang.AssertionError">
      <![CDATA[java.lang.AssertionError: 
Expecting actual:
  ["Sony Xperia", "IPhone"]
to contain exactly in any order:
  ["sony xperia", "iphone"]
elements not found:
  ["sony xperia", "iphone"]
and elements not expected:
  ["Sony Xperia", "IPhone"]

at practiceGuru99.Test.VerifyCompareProducts.sortByName(VerifyCompareProducts.java:30)
at java.base/jdk.internal.reflect.NativeMethodAccessorImpl.invoke0(Native Method)
at java.base/jdk.internal.reflect.NativeMethodAccessorImpl.invoke(NativeMethodAccessorImpl.java:77)
at java.base/jdk.internal.reflect.DelegatingMethodAccessorImpl.invoke(DelegatingMethodAccessorImpl.java:43)
at java.base/java.lang.reflect.Method.invoke(Method.java:568)
at org.testng.internal.invokers.MethodInvocationHelper.invokeMethod(MethodInvocationHelper.java:141)
at org.testng.internal.invokers.TestInvoker.invokeMethod(TestInvoker.java:686)
at org.testng.internal.invokers.TestInvoker.invokeTestMethod(TestInvoker.java:230)
at org.testng.internal.invokers.MethodRunner.runInSequence(MethodRunner.java:63)
at org.testng.internal.invokers.TestInvoker$MethodInvocationAgent.invoke(TestInvoker.java:992)
at org.testng.internal.invokers.TestInvoker.invokeTestMethods(TestInvoker.java:203)
at org.testng.internal.invokers.TestMethodWorker.invokeTestMethods(TestMethodWorker.java:154)
at org.testng.internal.invokers.TestMethodWorker.run(TestMethodWorker.java:134)
at java.base/java.util.ArrayList.forEach(ArrayList.java:1511)
at org.testng.TestRunner.privateRun(TestRunner.java:739)
at org.testng.TestRunner.run(TestRunner.java:614)
at org.testng.SuiteRunner.runTest(SuiteRunner.java:421)
at org.testng.SuiteRunner.runSequentially(SuiteRunner.java:413)
at org.testng.SuiteRunner.privateRun(SuiteRunner.java:373)
at org.testng.SuiteRunner.run(SuiteRunner.java:312)
at org.testng.SuiteRunnerWorker.runSuite(SuiteRunnerWorker.java:52)
at org.testng.SuiteRunnerWorker.run(SuiteRunnerWorker.java:95)
at org.testng.TestNG.runSuitesSequentially(TestNG.java:1274)
at org.testng.TestNG.runSuitesLocally(TestNG.java:1208)
at org.testng.TestNG.runSuites(TestNG.java:1112)
at org.testng.TestNG.run(TestNG.java:1079)
at org.testng.remote.AbstractRemoteTestNG.run(AbstractRemoteTestNG.java:115)
at org.testng.remote.RemoteTestNG.initAndRun(RemoteTestNG.java:293)
at org.testng.remote.RemoteTestNG.main(RemoteTestNG.java:91)
]]>
    </failure>
  </testcase> <!-- sortByName -->
</testsuite> <!-- practiceGuru99.Test.VerifyCompareProducts -->
